4318 lines of code in pkg/ Sat Oct 6 21:14:40 UTC 2018
4281 lines of code in pkg/ Sat Oct 6 21:55:57 UTC 2018
4268 lines of code in pkg/ Mon Oct 8 08:58:54 UTC 2018
4305 lines of code in pkg/ Mon Oct 8 09:40:03 UTC 2018
4363 lines of code in pkg/ Mon Oct 8 11:20:35 UTC 2018
4472 lines of code in pkg/ Tue Oct 9 14:53:07 UTC 2018
4472 lines of code in pkg/ Tue Oct 9 17:52:56 UTC 2018
4496 lines of code in pkg/ Wed Oct 10 05:37:28 UTC 2018
4496+156 lines of code in pkg/ and cmd/ Wed Oct 10 06:10:11 UTC 2018
4652 lines of code in pkg/ and cmd/ Wed Oct 10 06:11:56 UTC 2018
4721 lines of code in pkg/ and cmd/ Wed Oct 10 10:41:14 UTC 2018
4821 lines of code in pkg/ and cmd/ Wed Oct 10 19:49:27 UTC 2018
4860 lines of code in pkg/ and cmd/ Thu Oct 11 16:57:45 UTC 2018
4944 lines of code in pkg/ and cmd/ Fri Oct 12 06:36:00 UTC 2018
4967 lines of code in pkg/ and cmd/ Fri Oct 12 15:31:01 UTC 2018
4993 lines of code in pkg/ and cmd/ Fri Oct 12 16:04:56 UTC 2018
4905 lines of code in pkg/ and cmd/ Fri Oct 12 19:43:18 UTC 2018
4906 lines of code in pkg/ and cmd/ Sat Oct 13 12:39:12 UTC 2018
5069 lines of code in pkg/ and cmd/ Sat Oct 13 22:44:39 UTC 2018
5151 lines of code in pkg/ and cmd/ Sun Oct 14 10:36:48 UTC 2018
5183 lines of code in pkg/ and cmd/ Mon Oct 15 06:25:30 UTC 2018
5224 lines of code in pkg/ and cmd/ Mon Oct 15 11:35:39 UTC 2018
5143 lines of code in pkg/ and cmd/ Tue Oct 16 08:52:42 UTC 2018
5250 lines of code in pkg/ and cmd/ Thu Oct 18 06:29:49 UTC 2018
5370 lines of code in pkg/ and cmd/ Sun Oct 21 13:26:41 UTC 2018
5370 lines of code in pkg/ and cmd/ Sun Oct 21 14:09:20 UTC 2018
5371 lines of code in pkg/ and cmd/ Mon 22 Oct 09:16:27 UTC 2018
5371 lines of code in pkg/ and cmd/ Mon 22 Oct 09:16:31 UTC 2018
5450 lines of code in pkg/ and cmd/ Tue Oct 23 09:33:16 UTC 2018
5516 lines of code in pkg/ and cmd/ Wed Oct 24 13:01:48 UTC 2018
5527 lines of code in pkg/ and cmd/ Wed Oct 24 13:21:07 UTC 2018
5535 lines of code in pkg/ and cmd/ Wed Oct 24 14:04:00 UTC 2018
5563 lines of code in pkg/ and cmd/ Wed Oct 24 15:48:46 UTC 2018
5563 lines of code in pkg/ and cmd/ Wed Oct 24 15:49:06 UTC 2018
5563 lines of code in pkg/ and cmd/ Thu Oct 25 12:11:08 UTC 2018
5563 lines of code in pkg/ and cmd/ Thu Oct 25 12:11:36 UTC 2018
5563 lines of code in pkg/ and cmd/ Thu Oct 25 16:15:02 UTC 2018
5563 lines of code in pkg/ and cmd/ Thu Oct 25 16:15:15 UTC 2018
